<?xml version="1.0" encoding="UTF-8"?>
<coverage generated="1657714771284" clover="3.2.0">
  <project timestamp="1657714771285" name="All files">
    <metrics statements="33" coveredstatements="11" conditionals="8" coveredconditionals="2" methods="20" coveredmethods="7" elements="61" coveredelements="20" complexity="0" loc="33" ncloc="33" packages="2" files="2" classes="2"/>
    <package name="mocks">
      <metrics statements="5" coveredstatements="1" conditionals="2" coveredconditionals="0" methods="5" coveredmethods="1"/>
      <file name="LocalStorage.js" path="C:\Users\user\Desktop\Workspace\Microverse\Todo-List\mocks\LocalStorage.js">
        <metrics statements="5" coveredstatements="1" conditionals="2" coveredconditionals="0" methods="5" coveredmethods="1"/>
        <line num="3" count="1" type="stmt"/>
        <line num="7" count="0" type="cond" truecount="0" falsecount="2"/>
        <line num="11" count="0" type="stmt"/>
        <line num="15" count="0" type="stmt"/>
        <line num="19" count="0" type="stmt"/>
      </file>
    </package>
    <package name="src.modules">
      <metrics statements="28" coveredstatements="10" conditionals="6" coveredconditionals="2" methods="15" coveredmethods="6"/>
      <file name="addTodo.js" path="C:\Users\user\Desktop\Workspace\Microverse\Todo-List\src\modules\addTodo.js">
        <metrics statements="28" coveredstatements="10" conditionals="6" coveredconditionals="2" methods="15" coveredmethods="6"/>
        <line num="3" count="1" type="stmt"/>
        <line num="7" count="8" type="stmt"/>
        <line num="11" count="1" type="cond" truecount="2" falsecount="0"/>
        <line num="14" count="1" type="cond" truecount="0" falsecount="2"/>
        <line num="17" count="0" type="stmt"/>
        <line num="18" count="0" type="stmt"/>
        <line num="20" count="0" type="stmt"/>
        <line num="21" count="0" type="stmt"/>
        <line num="26" count="7" type="stmt"/>
        <line num="32" count="7" type="stmt"/>
        <line num="33" count="7" type="stmt"/>
        <line num="38" count="0" type="stmt"/>
        <line num="39" count="0" type="cond" truecount="0" falsecount="2"/>
        <line num="40" count="0" type="stmt"/>
        <line num="41" count="0" type="stmt"/>
        <line num="42" count="0" type="stmt"/>
        <line num="45" count="0" type="stmt"/>
        <line num="50" count="1" type="stmt"/>
        <line num="51" count="1" type="stmt"/>
        <line num="52" count="0" type="stmt"/>
        <line num="53" count="0" type="stmt"/>
        <line num="55" count="1" type="stmt"/>
        <line num="60" count="0" type="stmt"/>
        <line num="61" count="0" type="stmt"/>
        <line num="62" count="0" type="stmt"/>
        <line num="66" count="0" type="stmt"/>
        <line num="67" count="0" type="stmt"/>
        <line num="71" count="0" type="stmt"/>
      </file>
    </package>
  </project>
</coverage>
