{"/home/saidlaasri/Desktop/github/Todo-List/mocks/LocalStorage.js": {"path":"/home/saidlaasri/Desktop/github/Todo-List/mocks/LocalStorage.js","statementMap":{"0":{"start":{"line":3,"column":4},"end":{"line":3,"column":20}},"1":{"start":{"line":7,"column":4},"end":{"line":7,"column":35}},"2":{"start":{"line":11,"column":4},"end":{"line":11,"column":39}},"3":{"start":{"line":15,"column":4},"end":{"line":15,"column":27}},"4":{"start":{"line":19,"column":4},"end":{"line":19,"column":20}}},"fnMap":{"0":{"name":"(anonymous_0)","decl":{"start":{"line":2,"column":2},"end":{"line":2,"column":3}},"loc":{"start":{"line":2,"column":16},"end":{"line":4,"column":3}},"line":2},"1":{"name":"(anonymous_1)","decl":{"start":{"line":6,"column":2},"end":{"line":6,"column":3}},"loc":{"start":{"line":6,"column":15},"end":{"line":8,"column":3}},"line":6},"2":{"name":"(anonymous_2)","decl":{"start":{"line":10,"column":2},"end":{"line":10,"column":3}},"loc":{"start":{"line":10,"column":22},"end":{"line":12,"column":3}},"line":10},"3":{"name":"(anonymous_3)","decl":{"start":{"line":14,"column":2},"end":{"line":14,"column":3}},"loc":{"start":{"line":14,"column":18},"end":{"line":16,"column":3}},"line":14},"4":{"name":"(anonymous_4)","decl":{"start":{"line":18,"column":2},"end":{"line":18,"column":3}},"loc":{"start":{"line":18,"column":10},"end":{"line":20,"column":3}},"line":18}},"branchMap":{"0":{"loc":{"start":{"line":7,"column":11},"end":{"line":7,"column":34}},"type":"binary-expr","locations":[{"start":{"line":7,"column":11},"end":{"line":7,"column":26}},{"start":{"line":7,"column":30},"end":{"line":7,"column":34}}],"line":7}},"s":{"0":1,"1":0,"2":0,"3":0,"4":0},"f":{"0":1,"1":0,"2":0,"3":0,"4":0},"b":{"0":[0,0]},"_coverageSchema":"1a1c01bbd47fc00a2c39e90264f33305004495a9","hash":"6e85c57c8253a095d72ee752bde147fa7bb3a9c0"}
,"/home/saidlaasri/Desktop/github/Todo-List/src/modules/addTodo.js": {"path":"/home/saidlaasri/Desktop/github/Todo-List/src/modules/addTodo.js","statementMap":{"0":{"start":{"line":3,"column":4},"end":{"line":3,"column":20}},"1":{"start":{"line":7,"column":4},"end":{"line":7,"column":69}},"2":{"start":{"line":11,"column":4},"end":{"line":11,"column":72}},"3":{"start":{"line":14,"column":16},"end":{"line":14,"column":72}},"4":{"start":{"line":14,"column":22},"end":{"line":14,"column":72}},"5":{"start":{"line":17,"column":19},"end":{"line":19,"column":7}},"6":{"start":{"line":18,"column":18},"end":{"line":18,"column":62}},"7":{"start":{"line":20,"column":6},"end":{"line":20,"column":23}},"8":{"start":{"line":21,"column":6},"end":{"line":21,"column":25}},"9":{"start":{"line":26,"column":19},"end":{"line":31,"column":7}},"10":{"start":{"line":32,"column":6},"end":{"line":32,"column":49}},"11":{"start":{"line":33,"column":6},"end":{"line":33,"column":25}},"12":{"start":{"line":38,"column":6},"end":{"line":38,"column":80}},"13":{"start":{"line":38,"column":55},"end":{"line":38,"column":78}},"14":{"start":{"line":39,"column":6},"end":{"line":44,"column":7}},"15":{"start":{"line":40,"column":8},"end":{"line":43,"column":11}},"16":{"start":{"line":41,"column":10},"end":{"line":41,"column":29}},"17":{"start":{"line":42,"column":10},"end":{"line":42,"column":22}},"18":{"start":{"line":45,"column":6},"end":{"line":45,"column":25}},"19":{"start":{"line":50,"column":6},"end":{"line":50,"column":77}},"20":{"start":{"line":50,"column":55},"end":{"line":50,"column":75}},"21":{"start":{"line":51,"column":6},"end":{"line":54,"column":9}},"22":{"start":{"line":52,"column":8},"end":{"line":52,"column":27}},"23":{"start":{"line":53,"column":8},"end":{"line":53,"column":20}},"24":{"start":{"line":55,"column":6},"end":{"line":55,"column":25}},"25":{"start":{"line":60,"column":6},"end":{"line":60,"column":58}},"26":{"start":{"line":61,"column":6},"end":{"line":61,"column":45}},"27":{"start":{"line":62,"column":6},"end":{"line":62,"column":25}},"28":{"start":{"line":66,"column":21},"end":{"line":66,"column":52}},"29":{"start":{"line":67,"column":6},"end":{"line":70,"column":8}},"30":{"start":{"line":71,"column":6},"end":{"line":71,"column":25}}},"fnMap":{"0":{"name":"(anonymous_0)","decl":{"start":{"line":2,"column":2},"end":{"line":2,"column":3}},"loc":{"start":{"line":2,"column":16},"end":{"line":4,"column":3}},"line":2},"1":{"name":"(anonymous_1)","decl":{"start":{"line":6,"column":2},"end":{"line":6,"column":3}},"loc":{"start":{"line":6,"column":16},"end":{"line":8,"column":3}},"line":6},"2":{"name":"(anonymous_2)","decl":{"start":{"line":10,"column":2},"end":{"line":10,"column":3}},"loc":{"start":{"line":10,"column":13},"end":{"line":12,"column":3}},"line":10},"3":{"name":"(anonymous_3)","decl":{"start":{"line":14,"column":16},"end":{"line":14,"column":17}},"loc":{"start":{"line":14,"column":22},"end":{"line":14,"column":72}},"line":14},"4":{"name":"(anonymous_4)","decl":{"start":{"line":16,"column":4},"end":{"line":16,"column":5}},"loc":{"start":{"line":16,"column":15},"end":{"line":22,"column":5}},"line":16},"5":{"name":"(anonymous_5)","decl":{"start":{"line":18,"column":8},"end":{"line":18,"column":9}},"loc":{"start":{"line":18,"column":18},"end":{"line":18,"column":62}},"line":18},"6":{"name":"(anonymous_6)","decl":{"start":{"line":25,"column":4},"end":{"line":25,"column":5}},"loc":{"start":{"line":25,"column":25},"end":{"line":34,"column":5}},"line":25},"7":{"name":"(anonymous_7)","decl":{"start":{"line":37,"column":4},"end":{"line":37,"column":5}},"loc":{"start":{"line":37,"column":21},"end":{"line":46,"column":5}},"line":37},"8":{"name":"(anonymous_8)","decl":{"start":{"line":38,"column":45},"end":{"line":38,"column":46}},"loc":{"start":{"line":38,"column":55},"end":{"line":38,"column":78}},"line":38},"9":{"name":"(anonymous_9)","decl":{"start":{"line":40,"column":44},"end":{"line":40,"column":45}},"loc":{"start":{"line":40,"column":57},"end":{"line":43,"column":9}},"line":40},"10":{"name":"(anonymous_10)","decl":{"start":{"line":49,"column":4},"end":{"line":49,"column":5}},"loc":{"start":{"line":49,"column":22},"end":{"line":56,"column":5}},"line":49},"11":{"name":"(anonymous_11)","decl":{"start":{"line":50,"column":45},"end":{"line":50,"column":46}},"loc":{"start":{"line":50,"column":55},"end":{"line":50,"column":75}},"line":50},"12":{"name":"(anonymous_12)","decl":{"start":{"line":51,"column":42},"end":{"line":51,"column":43}},"loc":{"start":{"line":51,"column":55},"end":{"line":54,"column":7}},"line":51},"13":{"name":"(anonymous_13)","decl":{"start":{"line":59,"column":4},"end":{"line":59,"column":5}},"loc":{"start":{"line":59,"column":33},"end":{"line":63,"column":5}},"line":59},"14":{"name":"(anonymous_14)","decl":{"start":{"line":65,"column":4},"end":{"line":65,"column":5}},"loc":{"start":{"line":65,"column":22},"end":{"line":72,"column":5}},"line":65}},"branchMap":{"0":{"loc":{"start":{"line":11,"column":21},"end":{"line":11,"column":71}},"type":"binary-expr","locations":[{"start":{"line":11,"column":21},"end":{"line":11,"column":65}},{"start":{"line":11,"column":69},"end":{"line":11,"column":71}}],"line":11},"1":{"loc":{"start":{"line":14,"column":22},"end":{"line":14,"column":72}},"type":"binary-expr","locations":[{"start":{"line":14,"column":22},"end":{"line":14,"column":66}},{"start":{"line":14,"column":70},"end":{"line":14,"column":72}}],"line":14},"2":{"loc":{"start":{"line":39,"column":6},"end":{"line":44,"column":7}},"type":"if","locations":[{"start":{"line":39,"column":6},"end":{"line":44,"column":7}},{"start":{},"end":{}}],"line":39}},"s":{"0":1,"1":8,"2":1,"3":1,"4":0,"5":0,"6":0,"7":0,"8":0,"9":7,"10":7,"11":7,"12":0,"13":0,"14":0,"15":0,"16":0,"17":0,"18":0,"19":1,"20":1,"21":1,"22":0,"23":0,"24":1,"25":0,"26":0,"27":0,"28":0,"29":0,"30":0},"f":{"0":1,"1":8,"2":1,"3":0,"4":0,"5":0,"6":7,"7":0,"8":0,"9":0,"10":1,"11":1,"12":0,"13":0,"14":0},"b":{"0":[1,1],"1":[0,0],"2":[0,0]},"_coverageSchema":"1a1c01bbd47fc00a2c39e90264f33305004495a9","hash":"e3d78c04d0e4e3c4260d43d41efcc26e0192854e"}
}
