TN:
SF:mocks/LocalStorage.js
FN:2,(anonymous_0)
FN:6,(anonymous_1)
FN:10,(anonymous_2)
FN:14,(anonymous_3)
FN:18,(anonymous_4)
FNF:5
FNH:1
FNDA:1,(anonymous_0)
FNDA:0,(anonymous_1)
FNDA:0,(anonymous_2)
FNDA:0,(anonymous_3)
FNDA:0,(anonymous_4)
DA:3,1
DA:7,0
DA:11,0
DA:15,0
DA:19,0
LF:5
LH:1
BRDA:7,0,0,0
BRDA:7,0,1,0
BRF:2
BRH:0
end_of_record
TN:
SF:src/modules/addTodo.js
FN:2,(anonymous_0)
FN:6,(anonymous_1)
FN:10,(anonymous_2)
FN:14,(anonymous_3)
FN:16,(anonymous_4)
FN:18,(anonymous_5)
FN:25,(anonymous_6)
FN:37,(anonymous_7)
FN:38,(anonymous_8)
FN:40,(anonymous_9)
FN:49,(anonymous_10)
FN:50,(anonymous_11)
FN:51,(anonymous_12)
FN:59,(anonymous_13)
FN:65,(anonymous_14)
FNF:15
FNH:6
FNDA:1,(anonymous_0)
FNDA:8,(anonymous_1)
FNDA:1,(anonymous_2)
FNDA:0,(anonymous_3)
FNDA:0,(anonymous_4)
FNDA:0,(anonymous_5)
FNDA:7,(anonymous_6)
FNDA:0,(anonymous_7)
FNDA:0,(anonymous_8)
FNDA:0,(anonymous_9)
FNDA:1,(anonymous_10)
FNDA:1,(anonymous_11)
FNDA:0,(anonymous_12)
FNDA:0,(anonymous_13)
FNDA:0,(anonymous_14)
DA:3,1
DA:7,8
DA:11,1
DA:14,1
DA:17,0
DA:18,0
DA:20,0
DA:21,0
DA:26,7
DA:32,7
DA:33,7
DA:38,0
DA:39,0
DA:40,0
DA:41,0
DA:42,0
DA:45,0
DA:50,1
DA:51,1
DA:52,0
DA:53,0
DA:55,1
DA:60,0
DA:61,0
DA:62,0
DA:66,0
DA:67,0
DA:71,0
LF:28
LH:10
BRDA:11,0,0,1
BRDA:11,0,1,1
BRDA:14,1,0,0
BRDA:14,1,1,0
BRDA:39,2,0,0
BRDA:39,2,1,0
BRF:6
BRH:2
end_of_record
